<?xml version="1.0" encoding="UTF-8"?>
<!-- Generated by org.testng.reporters.JUnitReportReporter -->
<testsuite skipped="0" hostname="RAJESH-PC" name="vTigerIntegration.login" tests="1" failures="0" timestamp="08 Apr 2018 08:55:04 GMT" time="0.017" errors="0">
  <testcase name="validLogin" time="0.017" classname="vTigerIntegration.login"/>
</testsuite> <!-- vTigerIntegration.login -->
