<?xml version="1.0" encoding="UTF-8"?>
<!-- Generated by org.testng.reporters.JUnitReportReporter -->
<testsuite hostname="RAJESH-PC" name="tests.login" tests="1" failures="0" timestamp="9 Jun 2018 07:03:40 GMT" time="10.113" errors="0">
  <testcase name="validLogin" time="10.113" classname="tests.login"/>
</testsuite> <!-- tests.login -->
